<?xml version="1.0" encoding="UTF-8"?>
<testsuite name="ATB6X_Rest_assured_learning"
           tests="4"
           failures="0"
           errors="0"
           skipped="0"
           time="0.048">
    <properties></properties>



            <testcase
                name="testMethodOne"
                time="0.002"
                classname="org.example.Exercise_25_06_2024.Lab_278">
            </testcase>
            <testcase
                name="testMethodtwo"
                time="0.001"
                classname="org.example.Exercise_25_06_2024.Lab_278">
            </testcase>
            <testcase
                name="testMethodNegativeOne"
                time="0.043"
                classname="org.example.Exercise_25_06_2024.Lab_278">
            </testcase>
            <testcase
                name="testMethodzero"
                time="0.002"
                classname="org.example.Exercise_25_06_2024.Lab_278">
            </testcase>
</testsuite>
