<?xml version="1.0" encoding="UTF-8"?>
<testsuite name="ATB6X_Rest_assured_learning"
           tests="2"
           failures="0"
           errors="0"
           skipped="0"
           time="3.837">
    <properties></properties>



            <testcase
                name="getrequest"
                time="2.549"
                classname="org.example.testng.Lab_261">
            </testcase>
            <testcase
                name="getrequest2"
                time="1.288"
                classname="org.example.testng.Lab_261">
            </testcase>
</testsuite>
