<?xml version="1.0" encoding="UTF-8"?>
<testsuite name="ATB6X_Rest_assured_learning"
           tests="3"
           failures="0"
           errors="0"
           skipped="0"
           time="0.047">
    <properties></properties>



            <testcase
                name="getrequest"
                time="0.044"
                classname="org.example.testng.Lab_262">
            </testcase>
            <testcase
                name="getrequest2"
                time="0.001"
                classname="org.example.testng.Lab_262">
            </testcase>
            <testcase
                name="getrequest3"
                time="0.002"
                classname="org.example.testng.Lab_262">
            </testcase>
</testsuite>
