<?xml version="1.0" encoding="UTF-8"?>
<testsuite name="ATB6X_Rest_assured_learning"
           tests="3"
           failures="0"
           errors="0"
           skipped="0"
           time="0.053">
    <properties></properties>



            <testcase
                name="testauthgettoken"
                time="0.003"
                classname="org.example.Exercise_25_06_2024.Lab_285">
            </testcase>
            <testcase
                name="testauthgettoken"
                time="0.048"
                classname="org.example.Exercise_25_06_2024.Lab_285">
            </testcase>
            <testcase
                name="testauthgettoken"
                time="0.002"
                classname="org.example.Exercise_25_06_2024.Lab_285">
            </testcase>
</testsuite>
