<?xml version="1.0" encoding="UTF-8"?>
<testsuite name="CRUD ALL TEST CASE"
           tests="2"
           failures="0"
           errors="0"
           skipped="0"
           time="2.412">
    <properties></properties>



            <testcase
                name="testnonbddstylePOSTNegative"
                time="1.161"
                classname="org.example.ex_22_06_2024.crud.Post.Lab_272">
            </testcase>
            <testcase
                name="testnonbddstylePOSTpositive"
                time="1.251"
                classname="org.example.ex_22_06_2024.crud.Post.Lab_272">
            </testcase>
</testsuite>
